[2023-03-03T20:32:32.288+0000] {taskinstance.py:1083} INFO - Dependencies all met for <TaskInstance: sandbox.get_data_goes_from_aws manual__2023-03-03T20:32:26.395952+00:00 [queued]>
[2023-03-03T20:32:32.301+0000] {taskinstance.py:1083} INFO - Dependencies all met for <TaskInstance: sandbox.get_data_goes_from_aws manual__2023-03-03T20:32:26.395952+00:00 [queued]>
[2023-03-03T20:32:32.302+0000] {taskinstance.py:1279} INFO - 
--------------------------------------------------------------------------------
[2023-03-03T20:32:32.303+0000] {taskinstance.py:1280} INFO - Starting attempt 1 of 1
[2023-03-03T20:32:32.304+0000] {taskinstance.py:1281} INFO - 
--------------------------------------------------------------------------------
[2023-03-03T20:32:32.322+0000] {taskinstance.py:1300} INFO - Executing <Task(PythonOperator): get_data_goes_from_aws> on 2023-03-03 20:32:26.395952+00:00
[2023-03-03T20:32:32.340+0000] {standard_task_runner.py:55} INFO - Started process 7229 to run task
[2023-03-03T20:32:32.345+0000] {standard_task_runner.py:82} INFO - Running: ['***', 'tasks', 'run', 'sandbox', 'get_data_goes_from_aws', 'manual__2023-03-03T20:32:26.395952+00:00', '--job-id', '11', '--raw', '--subdir', 'DAGS_FOLDER/noaa.py', '--cfg-path', '/tmp/tmpolvaka0z']
[2023-03-03T20:32:32.346+0000] {standard_task_runner.py:83} INFO - Job 11: Subtask get_data_goes_from_aws
[2023-03-03T20:32:32.425+0000] {task_command.py:388} INFO - Running <TaskInstance: sandbox.get_data_goes_from_aws manual__2023-03-03T20:32:26.395952+00:00 [running]> on host a1445a4c94cf
[2023-03-03T20:32:32.551+0000] {taskinstance.py:1507} INFO - Exporting the following env vars:
AIRFLOW_CTX_DAG_OWNER=***
AIRFLOW_CTX_DAG_ID=sandbox
AIRFLOW_CTX_TASK_ID=get_data_goes_from_aws
AIRFLOW_CTX_EXECUTION_DATE=2023-03-03T20:32:26.395952+00:00
AIRFLOW_CTX_TRY_NUMBER=1
AIRFLOW_CTX_DAG_RUN_ID=manual__2023-03-03T20:32:26.395952+00:00
[2023-03-03T20:32:32.647+0000] {logging_mixin.py:137} INFO - ********** CREATED TABLE GOES ************
[2023-03-03T20:32:32.654+0000] {logging_mixin.py:137} INFO - ********************** get_all_geos_file_name_by_filter_new****************
[2023-03-03T20:33:13.690+0000] {local_task_job.py:208} INFO - Task exited with return code Negsignal.SIGKILL
[2023-03-03T20:33:13.798+0000] {taskinstance.py:2578} INFO - 0 downstream tasks scheduled from follow-on schedule check
