[2023-03-03T18:25:32.753+0000] {taskinstance.py:1083} INFO - Dependencies all met for <TaskInstance: sandbox.get_data_goes_nexrad_from_aws manual__2023-03-03T18:25:27.485951+00:00 [queued]>
[2023-03-03T18:25:32.780+0000] {taskinstance.py:1083} INFO - Dependencies all met for <TaskInstance: sandbox.get_data_goes_nexrad_from_aws manual__2023-03-03T18:25:27.485951+00:00 [queued]>
[2023-03-03T18:25:32.780+0000] {taskinstance.py:1279} INFO - 
--------------------------------------------------------------------------------
[2023-03-03T18:25:32.781+0000] {taskinstance.py:1280} INFO - Starting attempt 1 of 1
[2023-03-03T18:25:32.782+0000] {taskinstance.py:1281} INFO - 
--------------------------------------------------------------------------------
[2023-03-03T18:25:32.792+0000] {taskinstance.py:1300} INFO - Executing <Task(PythonOperator): get_data_goes_nexrad_from_aws> on 2023-03-03 18:25:27.485951+00:00
[2023-03-03T18:25:32.815+0000] {standard_task_runner.py:55} INFO - Started process 706 to run task
[2023-03-03T18:25:32.828+0000] {standard_task_runner.py:82} INFO - Running: ['***', 'tasks', 'run', 'sandbox', 'get_data_goes_nexrad_from_aws', 'manual__2023-03-03T18:25:27.485951+00:00', '--job-id', '5', '--raw', '--subdir', 'DAGS_FOLDER/noaa.py', '--cfg-path', '/tmp/tmp0z2uqlp8']
[2023-03-03T18:25:32.829+0000] {standard_task_runner.py:83} INFO - Job 5: Subtask get_data_goes_nexrad_from_aws
[2023-03-03T18:25:32.957+0000] {task_command.py:388} INFO - Running <TaskInstance: sandbox.get_data_goes_nexrad_from_aws manual__2023-03-03T18:25:27.485951+00:00 [running]> on host a1445a4c94cf
[2023-03-03T18:25:33.050+0000] {taskinstance.py:1507} INFO - Exporting the following env vars:
AIRFLOW_CTX_DAG_OWNER=***
AIRFLOW_CTX_DAG_ID=sandbox
AIRFLOW_CTX_TASK_ID=get_data_goes_nexrad_from_aws
AIRFLOW_CTX_EXECUTION_DATE=2023-03-03T18:25:27.485951+00:00
AIRFLOW_CTX_TRY_NUMBER=1
AIRFLOW_CTX_DAG_RUN_ID=manual__2023-03-03T18:25:27.485951+00:00
[2023-03-03T18:25:33.165+0000] {logging_mixin.py:137} INFO - ********** CREATED TABLE GOES ************
[2023-03-03T18:25:33.167+0000] {logging_mixin.py:137} INFO - ********** CREATED TABLE NEXRAD ************
[2023-03-03T18:26:07.055+0000] {local_task_job.py:208} INFO - Task exited with return code Negsignal.SIGKILL
[2023-03-03T18:26:07.117+0000] {taskinstance.py:2578} INFO - 0 downstream tasks scheduled from follow-on schedule check
